<?xml version="1.0" encoding="UTF-8"?>
<testng-results ignored="0" total="1" passed="1" failed="0" skipped="0">
  <reporter-output>
  </reporter-output>
  <suite started-at="2023-06-05T17:05:43 EDT" name="Default suite" finished-at="2023-06-05T17:05:56 EDT" duration-ms="13009">
    <groups>
    </groups>
    <test started-at="2023-06-05T17:05:43 EDT" name="Default test" finished-at="2023-06-05T17:05:56 EDT" duration-ms="13009">
      <class name="gpack.LoginTest">
        <test-method signature="login()[pri:0, instance:gpack.LoginTest@51c668e3]" started-at="2023-06-05T17:05:43 EDT" name="login" finished-at="2023-06-05T17:05:56 EDT" duration-ms="12833" status="PASS">
          <reporter-output>
          </reporter-output>
        </test-method> <!-- login -->
        <test-method is-config="true" signature="Closure()[pri:0, instance:gpack.LoginTest@51c668e3]" started-at="2023-06-05T17:05:56 EDT" name="Closure" finished-at="2023-06-05T17:05:56 EDT" duration-ms="122" status="PASS">
          <reporter-output>
          </reporter-output>
        </test-method> <!-- Closure -->
      </class> <!-- gpack.LoginTest -->
    </test> <!-- Default test -->
  </suite> <!-- Default suite -->
</testng-results>
